[    0.000000] Initializing cgroup subsys cpuset
[    0.000000] Initializing cgroup subsys cpu
[    0.000000] Initializing cgroup subsys cpuacct
[    0.000000] Linux version 4.4.0-187-generic (buildd@lgw01-amd64-035) (gcc version 5.4.0 20160609 (Ubuntu 5.4.0-6ubuntu1~16.04.12) ) #217-Ubuntu SMP Tue Jul 21 04:18:15 UTC 2020 (Ubuntu 4.4.0-187.217-generic 4.4.230)
[    0.000000] Command line: BOOT_IMAGE=/boot/vmlinuz-4.4.0-187-generic root=LABEL=cloudimg-rootfs ro console=tty1 console=ttyS0
[    0.000000] KERNEL supported cpus:
[    0.000000]   Intel GenuineIntel
[    0.000000]   AMD AuthenticAMD
[    0.000000]   Centaur CentaurHauls
[    0.000000] x86/fpu: xstate_offset[2]:  576, xstate_sizes[2]:  256
[    0.000000] x86/fpu: Supporting XSAVE feature 0x01: 'x87 floating point registers'
[    0.000000] x86/fpu: Supporting XSAVE feature 0x02: 'SSE registers'
[    0.000000] x86/fpu: Supporting XSAVE feature 0x04: 'AVX registers'
[    0.000000] x86/fpu: Enabled xstate features 0x7, context size is 832 bytes, using 'standard' format.
[    0.000000] e820: BIOS-provided physical RAM map:
[    0.000000] BIOS-e820: [mem 0x0000000000000000-0x000000000009fbff] usable
[    0.000000] BIOS-e820: [mem 0x000000000009fc00-0x000000000009ffff] reserved
[    0.000000] BIOS-e820: [mem 0x00000000000f0000-0x00000000000fffff] reserved
[    0.000000] BIOS-e820: [mem 0x0000000000100000-0x000000003ffeffff] usable
[    0.000000] BIOS-e820: [mem 0x000000003fff0000-0x000000003fffffff] ACPI data
[    0.000000] BIOS-e820: [mem 0x00000000fec00000-0x00000000fec00fff] reserved
[    0.000000] BIOS-e820: [mem 0x00000000fee00000-0x00000000fee00fff] reserved
[    0.000000] BIOS-e820: [mem 0x00000000fffc0000-0x00000000ffffffff] reserved
[    0.000000] NX (Execute Disable) protection: active
[    0.000000] SMBIOS 2.5 present.
[    0.000000] Hypervisor detected: KVM
[    0.000000] e820: last_pfn = 0x3fff0 max_arch_pfn = 0x400000000
[    0.000000] MTRR: Disabled
[    0.000000] x86/PAT: MTRRs disabled, skipping PAT initialization too.
[    0.000000] CPU MTRRs all blank - virtualized system.
[    0.000000] x86/PAT: Configuration [0-7]: WB  WT  UC- UC  WB  WT  UC- UC  
[    0.000000] found SMP MP-table at [mem 0x0009fff0-0x0009ffff] mapped at [ffff88000009fff0]
[    0.000000] Scanning 1 areas for low memory corruption
[    0.000000] RAMDISK: [mem 0x362de000-0x37166fff]
[    0.000000] ACPI: Early table checksum verification disabled
[    0.000000] ACPI: RSDP 0x00000000000E0000 000024 (v02 VBOX  )
[    0.000000] ACPI: XSDT 0x000000003FFF0030 00003C (v01 VBOX   VBOXXSDT 00000001 ASL  00000061)
[    0.000000] ACPI: FACP 0x000000003FFF00F0 0000F4 (v04 VBOX   VBOXFACP 00000001 ASL  00000061)
[    0.000000] ACPI: DSDT 0x000000003FFF0470 002325 (v02 VBOX   VBOXBIOS 00000002 INTL 20100528)
[    0.000000] ACPI: FACS 0x000000003FFF0200 000040
[    0.000000] ACPI: FACS 0x000000003FFF0200 000040
[    0.000000] ACPI: APIC 0x000000003FFF0240 00005C (v02 VBOX   VBOXAPIC 00000001 ASL  00000061)
[    0.000000] ACPI: SSDT 0x000000003FFF02A0 0001CC (v01 VBOX   VBOXCPUT 00000002 INTL 20100528)
[    0.000000] No NUMA configuration found
[    0.000000] Faking a node at [mem 0x0000000000000000-0x000000003ffeffff]
[    0.000000] NODE_DATA(0) allocated [mem 0x3ffeb000-0x3ffeffff]
[    0.000000] kvm-clock: Using msrs 4b564d01 and 4b564d00
[    0.000000] kvm-clock: cpu 0, msr 0:3ffe3001, primary cpu clock
[    0.000000] kvm-clock: using sched offset of 4461602468 cycles
[    0.000000] clocksource: kvm-clock: mask: 0xffffffffffffffff max_cycles: 0x1cd42e4dffb, max_idle_ns: 881590591483 ns
[    0.000000] Zone ranges:
[    0.000000]   DMA      [mem 0x0000000000001000-0x0000000000ffffff]
[    0.000000]   DMA32    [mem 0x0000000001000000-0x000000003ffeffff]
[    0.000000]   Normal   empty
[    0.000000]   Device   empty
[    0.000000] Movable zone start for each node
[    0.000000] Early memory node ranges
[    0.000000]   node   0: [mem 0x0000000000001000-0x000000000009efff]
[    0.000000]   node   0: [mem 0x0000000000100000-0x000000003ffeffff]
[    0.000000] Initmem setup node 0 [mem 0x0000000000001000-0x000000003ffeffff]
[    0.000000] ACPI: PM-Timer IO Port: 0x4008
[    0.000000] IOAPIC[0]: apic_id 2, version 32, address 0xfec00000, GSI 0-23
[    0.000000] ACPI: INT_SRC_OVR (bus 0 bus_irq 0 global_irq 2 dfl dfl)
[    0.000000] ACPI: INT_SRC_OVR (bus 0 bus_irq 9 global_irq 9 low level)
[    0.000000] Using ACPI (MADT) for SMP configuration information
[    0.000000] smpboot: Allowing 2 CPUs, 0 hotplug CPUs
[    0.000000] PM: Registered nosave memory: [mem 0x00000000-0x00000fff]
[    0.000000] PM: Registered nosave memory: [mem 0x0009f000-0x0009ffff]
[    0.000000] PM: Registered nosave memory: [mem 0x000a0000-0x000effff]
[    0.000000] PM: Registered nosave memory: [mem 0x000f0000-0x000fffff]
[    0.000000] e820: [mem 0x40000000-0xfebfffff] available for PCI devices
[    0.000000] Booting paravirtualized kernel on KVM
[    0.000000] clocksource: refined-jiffies: mask: 0xffffffff max_cycles: 0xffffffff, max_idle_ns: 7645519600211568 ns
[    0.000000] setup_percpu: NR_CPUS:512 nr_cpumask_bits:512 nr_cpu_ids:2 nr_node_ids:1
[    0.000000] PERCPU: Embedded 33 pages/cpu @ffff88003fc00000 s95512 r8192 d31464 u1048576
[    0.000000] Built 1 zonelists in Node order, mobility grouping on.  Total pages: 257912
[    0.000000] Policy zone: DMA32
[    0.000000] Kernel command line: BOOT_IMAGE=/boot/vmlinuz-4.4.0-187-generic root=LABEL=cloudimg-rootfs ro console=tty1 console=ttyS0
[    0.000000] PID hash table entries: 4096 (order: 3, 32768 bytes)
[    0.000000] Memory: 997660K/1048120K available (8636K kernel code, 1337K rwdata, 4040K rodata, 1492K init, 1296K bss, 50460K reserved, 0K cma-reserved)
[    0.000000] SLUB: HWalign=64, Order=0-3, MinObjects=0, CPUs=2, Nodes=1
[    0.000000] Kernel/User page tables isolation: enabled
[    0.000000] Hierarchical RCU implementation.
[    0.000000] 	Build-time adjustment of leaf fanout to 64.
[    0.000000] 	RCU restricting CPUs from NR_CPUS=512 to nr_cpu_ids=2.
[    0.000000] RCU: Adjusting geometry for rcu_fanout_leaf=64, nr_cpu_ids=2
[    0.000000] NR_IRQS:33024 nr_irqs:440 16
[    0.000000] Console: colour VGA+ 80x25
[    0.000000] console [tty1] enabled
[    0.000000] console [ttyS0] enabled
[    0.000000] tsc: Detected 4007.996 MHz processor
[    0.168039] Calibrating delay loop (skipped) preset value.. 8015.99 BogoMIPS (lpj=16031984)
[    0.169882] pid_max: default: 32768 minimum: 301
[    0.170821] ACPI: Core revision 20150930
[    0.173624] ACPI: 2 ACPI AML tables successfully acquired and loaded
[    0.174996] Security Framework initialized
[    0.175887] Yama: becoming mindful.
[    0.176685] AppArmor: AppArmor initialized
[    0.177625] Dentry cache hash table entries: 131072 (order: 8, 1048576 bytes)
[    0.183033] Inode-cache hash table entries: 65536 (order: 7, 524288 bytes)
[    0.184489] Mount-cache hash table entries: 2048 (order: 2, 16384 bytes)
[    0.185761] Mountpoint-cache hash table entries: 2048 (order: 2, 16384 bytes)
[    0.187588] Initializing cgroup subsys io
[    0.188484] Initializing cgroup subsys memory
[    0.189404] Initializing cgroup subsys devices
[    0.190324] Initializing cgroup subsys freezer
[    0.191277] Initializing cgroup subsys net_cls
[    0.192195] Initializing cgroup subsys perf_event
[    0.193578] Initializing cgroup subsys net_prio
[    0.194589] Initializing cgroup subsys hugetlb
[    0.195561] Initializing cgroup subsys pids
[    0.197365] mce: CPU supports 0 MCE banks
[    0.198275] Last level iTLB entries: 4KB 128, 2MB 8, 4MB 8
[    0.199559] Last level dTLB entries: 4KB 64, 2MB 0, 4MB 0, 1GB 4
[    0.200780] Spectre V1 : Mitigation: usercopy/swapgs barriers and __user pointer sanitization
[    0.202497] Spectre V2 : Mitigation: Full generic retpoline
[    0.203670] Spectre V2 : Spectre v2 / SpectreRSB mitigation: Filling RSB on context switch
[    0.205386] Speculative Store Bypass: Vulnerable
[    0.206916] SRBDS: Unknown: Dependent on hypervisor status
[    0.208277] MDS: Vulnerable: Clear CPU buffers attempted, no microcode
[    0.212152] Freeing SMP alternatives memory: 36K
[    0.219124] ftrace: allocating 32337 entries in 127 pages
[    0.283577] smpboot: APIC(0) Converting physical 0 to logical package 0
[    0.285229] smpboot: Max logical packages: 1
[    0.286433] x2apic enabled
[    0.287471] Switched APIC routing to physical x2apic.
[    0.289886] ..TIMER: vector=0x30 apic1=0 pin1=2 apic2=-1 pin2=-1
[    0.399386] smpboot: CPU0: Intel(R) Core(TM) i3-8350K CPU @ 4.00GHz (family: 0x6, model: 0x9e, stepping: 0xb)
[    0.401785] Performance Events: unsupported p6 CPU model 158 no PMU driver, software events only.
[    0.413024] KVM setup paravirtual spinlock
[    0.414453] x86: Booting SMP configuration:
[    0.416046] .... node  #0, CPUs:      #1
[    0.417068] kvm-clock: cpu 1, msr 0:3ffe3041, secondary cpu clock
[    0.418784] mce: CPU supports 0 MCE banks
[    0.421705] x86: Booted up 1 node, 2 CPUs
[    0.422949] smpboot: Total of 2 processors activated (16031.98 BogoMIPS)
[    0.424717] devtmpfs: initialized
[    0.428760] evm: security.selinux
[    0.429670] evm: security.SMACK64
[    0.430449] evm: security.SMACK64EXEC
[    0.431321] evm: security.SMACK64TRANSMUTE
[    0.432204] evm: security.SMACK64MMAP
[    0.433023] evm: security.ima
[    0.433735] evm: security.capability
[    0.434736] clocksource: jiffies: mask: 0xffffffff max_cycles: 0xffffffff, max_idle_ns: 7645041785100000 ns
[    0.436903] futex hash table entries: 512 (order: 3, 32768 bytes)
[    0.438227] pinctrl core: initialized pinctrl subsystem
[    0.439445] RTC time: 23:51:21, date: 08/25/20
[    0.440548] NET: Registered protocol family 16
[    0.451899] cpuidle: using governor ladder
[    0.465038] cpuidle: using governor menu
[    0.465933] PCCT header not found.
[    0.466776] ACPI: bus type PCI registered
[    0.467667] acpiphp: ACPI Hot Plug PCI Controller Driver version: 0.5
[    0.469114] PCI: Using configuration type 1 for base access
[    0.480871] ACPI: Added _OSI(Module Device)
[    0.481808] ACPI: Added _OSI(Processor Device)
[    0.482723] ACPI: Added _OSI(3.0 _SCP Extensions)
[    0.483733] ACPI: Added _OSI(Processor Aggregator Device)
[    0.485817] ACPI: Executed 1 blocks of module-level executable AML code
[    0.489153] ACPI: Interpreter enabled
[    0.489998] ACPI: (supports S0 S5)
[    0.490767] ACPI: Using IOAPIC for interrupt routing
[    0.492156] PCI: Using host bridge windows from ACPI; if necessary, use "pci=nocrs" and report a bug
[    0.497282] ACPI: PCI Root Bridge [PCI0] (domain 0000 [bus 00-ff])
[    0.498717] acpi PNP0A03:00: _OSC: OS supports [ASPM ClockPM Segments MSI]
[    0.500413] acpi PNP0A03:00: _OSC: not requesting OS control; OS requires [ExtendedConfig ASPM ClockPM MSI]
[    0.502292] acpi PNP0A03:00: fail to add MMCONFIG information, can't access extended PCI configuration space under this bridge.
[    0.504805] PCI host bridge to bus 0000:00
[    0.505894] pci_bus 0000:00: root bus resource [io  0x0000-0x0cf7 window]
[    0.507203] pci_bus 0000:00: root bus resource [io  0x0d00-0xffff window]
[    0.508512] pci_bus 0000:00: root bus resource [mem 0x000a0000-0x000bffff window]
[    0.510159] pci_bus 0000:00: root bus resource [mem 0x40000000-0xfdffffff window]
[    0.511918] pci_bus 0000:00: root bus resource [bus 00-ff]
[    0.515695] pci 0000:00:01.1: legacy IDE quirk: reg 0x10: [io  0x01f0-0x01f7]
[    0.516992] pci 0000:00:01.1: legacy IDE quirk: reg 0x14: [io  0x03f6]
[    0.518200] pci 0000:00:01.1: legacy IDE quirk: reg 0x18: [io  0x0170-0x0177]
[    0.531353] pci 0000:00:01.1: legacy IDE quirk: reg 0x1c: [io  0x0376]
[    0.544828] pci 0000:00:07.0: quirk: [io  0x4000-0x403f] claimed by PIIX4 ACPI
[    0.546496] pci 0000:00:07.0: quirk: [io  0x4100-0x410f] claimed by PIIX4 SMB
[    0.554990] ACPI: PCI Interrupt Link [LNKA] (IRQs 5 9 10 *11)
[    0.556792] ACPI: PCI Interrupt Link [LNKB] (IRQs 5 9 *10 11)
[    0.558384] ACPI: PCI Interrupt Link [LNKC] (IRQs 5 *9 10 11)
[    0.559994] ACPI: PCI Interrupt Link [LNKD] (IRQs 5 9 10 *11)
[    0.561758] ACPI: Enabled 2 GPEs in block 00 to 07
[    0.563039] vgaarb: setting as boot device: PCI:0000:00:02.0
[    0.564157] vgaarb: device added: PCI:0000:00:02.0,decodes=io+mem,owns=io+mem,locks=none
[    0.565807] vgaarb: loaded
[    0.566483] vgaarb: bridge control possible 0000:00:02.0
[    0.568258] SCSI subsystem initialized
[    0.569272] ACPI: bus type USB registered
[    0.570144] usbcore: registered new interface driver usbfs
[    0.571267] usbcore: registered new interface driver hub
[    0.572323] usbcore: registered new device driver usb
[    0.573590] PCI: Using ACPI for IRQ routing
[    0.579784] NetLabel: Initializing
[    0.580574] NetLabel:  domain hash size = 128
[    0.581581] NetLabel:  protocols = UNLABELED CIPSOv4
[    0.582706] NetLabel:  unlabeled traffic allowed by default
[    0.584106] amd_nb: Cannot enumerate AMD northbridges
[    0.585191] clocksource: Switched to clocksource kvm-clock
[    0.597999] AppArmor: AppArmor Filesystem Enabled
[    0.599104] pnp: PnP ACPI init
[    0.600535] pnp: PnP ACPI: found 3 devices
[    0.610674] clocksource: acpi_pm: mask: 0xffffff max_cycles: 0xffffff, max_idle_ns: 2085701024 ns
[    0.612508] NET: Registered protocol family 2
[    0.613563] TCP established hash table entries: 8192 (order: 4, 65536 bytes)
[    0.614901] TCP bind hash table entries: 8192 (order: 5, 131072 bytes)
[    0.616202] TCP: Hash tables configured (established 8192 bind 8192)
[    0.617631] UDP hash table entries: 512 (order: 2, 16384 bytes)
[    0.618931] UDP-Lite hash table entries: 512 (order: 2, 16384 bytes)
[    0.620212] NET: Registered protocol family 1
[    0.621139] pci 0000:00:00.0: Limiting direct PCI/PCI transfers
[    0.622303] pci 0000:00:01.0: Activating ISA DMA hang workarounds
[    0.623734] Unpacking initramfs...
[    0.871181] Freeing initrd memory: 14884K
[    0.872151] clocksource: tsc: mask: 0xffffffffffffffff max_cycles: 0x39c5ded8016, max_idle_ns: 440795406786 ns
[    0.875728] platform rtc_cmos: registered platform RTC device (no PNP device found)
[    0.877331] Scanning for low memory corruption every 60 seconds
[    0.879028] audit: initializing netlink subsys (disabled)
[    0.880192] audit: type=2000 audit(1598399488.279:1): initialized
[    0.881844] Initialise system trusted keyring
[    0.883100] HugeTLB registered 2 MB page size, pre-allocated 0 pages
[    0.885375] zbud: loaded
[    0.886430] VFS: Disk quotas dquot_6.6.0
[    0.887453] VFS: Dquot-cache hash table entries: 512 (order 0, 4096 bytes)
[    0.888948] squashfs: version 4.0 (2009/01/31) Phillip Lougher
[    0.890566] fuse init (API version 7.23)
[    0.891653] Key type big_key registered
[    0.892986] Allocating IMA MOK and blacklist keyrings.
[    0.895064] Key type asymmetric registered
[    0.895952] Asymmetric key parser 'x509' registered
[    0.896924] Block layer SCSI generic (bsg) driver version 0.4 loaded (major 249)
[    0.898518] io scheduler noop registered
[    0.899365] io scheduler deadline registered (default)
[    0.900354] io scheduler cfq registered
[    0.901383] pci_hotplug: PCI Hot Plug PCI Core version: 0.5
[    0.902406] pciehp: PCI Express Hot Plug Controller Driver version: 0.4
[    0.903669] ACPI: AC Adapter [AC] (on-line)
[    0.904571] input: Power Button as /devices/LNXSYSTM:00/LNXPWRBN:00/input/input0
[    0.906123] ACPI: Power Button [PWRF]
[    0.906946] input: Sleep Button as /devices/LNXSYSTM:00/LNXSLPBN:00/input/input1
[    0.909211] ACPI: Sleep Button [SLPF]
[    0.910648] GHES: HEST is not enabled!
[    0.911629] Serial: 8250/16550 driver, 32 ports, IRQ sharing enabled
[    0.933325] 00:02: ttyS0 at I/O 0x3f8 (irq = 4, base_baud = 115200) is a 16550A
[    0.937198] Linux agpgart interface v0.103
[    0.939568] loop: module loaded
[    0.940740] scsi host0: ata_piix
[    0.941709] scsi host1: ata_piix
[    0.942625] ata1: PATA max UDMA/33 cmd 0x1f0 ctl 0x3f6 bmdma 0xd000 irq 14
[    0.944205] ata2: PATA max UDMA/33 cmd 0x170 ctl 0x376 bmdma 0xd008 irq 15
[    0.946035] libphy: Fixed MDIO Bus: probed
[    0.946945] tun: Universal TUN/TAP device driver, 1.6
[    0.947927] tun: (C) 1999-2004 Max Krasnyansky <maxk@qualcomm.com>
[    0.949183] PPP generic driver version 2.4.2
[    0.950522] ehci_hcd: USB 2.0 'Enhanced' Host Controller (EHCI) Driver
[    0.951784] ehci-pci: EHCI PCI platform driver
[    0.952741] ehci-platform: EHCI generic platform driver
[    0.953761] ohci_hcd: USB 1.1 'Open' Host Controller (OHCI) Driver
[    0.954876] ohci-pci: OHCI PCI platform driver
[    0.955752] ohci-platform: OHCI generic platform driver
[    0.956845] uhci_hcd: USB Universal Host Controller Interface driver
[    0.958108] i8042: PNP: PS/2 Controller [PNP0303:PS2K,PNP0f03:PS2M] at 0x60,0x64 irq 1,12
[    0.960179] serio: i8042 KBD port at 0x60,0x64 irq 1
[    0.961128] serio: i8042 AUX port at 0x60,0x64 irq 12
[    0.962289] mousedev: PS/2 mouse device common for all mice
[    0.963713] input: AT Translated Set 2 keyboard as /devices/platform/i8042/serio0/input/input2
[    0.965811] rtc_cmos rtc_cmos: rtc core: registered rtc_cmos as rtc0
[    0.967005] rtc_cmos rtc_cmos: alarms up to one day, 114 bytes nvram
[    0.968149] i2c /dev entries driver
[    0.968942] device-mapper: uevent: version 1.0.3
[    0.970156] device-mapper: ioctl: 4.34.0-ioctl (2015-10-28) initialised: dm-devel@redhat.com
[    0.971893] ledtrig-cpu: registered to indicate activity on CPUs
[    0.973334] NET: Registered protocol family 10
[    0.974421] NET: Registered protocol family 17
[    0.975459] Key type dns_resolver registered
[    0.977768] registered taskstats version 1
[    0.979297] Loading compiled-in X.509 certificates
[    0.980639] Loaded X.509 cert 'Build time autogenerated kernel key: f06b7227f29f55afa9b8968d1b82289d30ebc7c3'
[    0.982534] zswap: loaded using pool lzo/zbud
[    0.985258] Key type trusted registered
[    0.988568] Key type encrypted registered
[    0.989552] AppArmor: AppArmor sha1 policy hashing enabled
[    0.990607] ima: No TPM chip found, activating TPM-bypass!
[    0.991886] ima: Allocated hash algorithm: sha1
[    0.992858] evm: HMAC attrs: 0x1
[    0.993975]   Magic number: 0:672:909
[    0.994843] rtc_cmos rtc_cmos: setting system clock to 2020-08-25 23:51:22 UTC (1598399482)
[    0.996569] BIOS EDD facility v0.16 2004-Jun-25, 0 devices found
[    0.997655] EDD information not available.
[    1.134004] Freeing unused kernel memory: 1492K
[    1.135253] Write protecting the kernel read-only data: 14336k
[    1.137143] Freeing unused kernel memory: 1592K
[    1.138550] Freeing unused kernel memory: 56K
Loading, please wait...
starting version 229
[    1.150900] random: systemd-udevd: uninitialized urandom read (16 bytes read, 3 bits of entropy available)
[    1.151966] random: udevadm: uninitialized urandom read (16 bytes read, 3 bits of entropy available)
[    1.151984] random: udevadm: uninitialized urandom read (16 bytes read, 3 bits of entropy available)
[    1.157379] random: systemd-udevd: uninitialized urandom read (16 bytes read, 3 bits of entropy available)
[    1.158918] random: udevadm: uninitialized urandom read (16 bytes read, 3 bits of entropy available)
[    1.158965] random: udevadm: uninitialized urandom read (16 bytes read, 3 bits of entropy available)
[    1.159081] random: udevadm: uninitialized urandom read (16 bytes read, 3 bits of entropy available)
[    1.159121] random: udevadm: uninitialized urandom read (16 bytes read, 3 bits of entropy available)
[    1.159160] random: udevadm: uninitialized urandom read (16 bytes read, 3 bits of entropy available)
[    1.159199] random: udevadm: uninitialized urandom read (16 bytes read, 3 bits of entropy available)
[    1.202288] e1000: Intel(R) PRO/1000 Network Driver - version 7.3.21-k8-NAPI
[    1.203620] e1000: Copyright (c) 1999-2006 Intel Corporation.
[    1.204911] Fusion MPT base driver 3.04.20
[    1.205857] Copyright (c) 1999-2008 LSI Corporation
[    1.210400] Fusion MPT SPI Host driver 3.04.20
[    1.226514] AVX2 version of gcm_enc/dec engaged.
[    1.227638] AES CTR mode by8 optimization enabled
[    1.414563] input: ImExPS/2 Generic Explorer Mouse as /devices/platform/i8042/serio1/input/input4
[    1.586561] e1000 0000:00:03.0 eth0: (PCI:33MHz:32-bit) 02:98:c6:81:17:55
[    1.587850] e1000 0000:00:03.0 eth0: Intel(R) PRO/1000 Network Connection
[    1.983396] e1000 0000:00:08.0 eth1: (PCI:33MHz:32-bit) 08:00:27:0a:56:c1
[    1.985137] e1000 0000:00:08.0 eth1: Intel(R) PRO/1000 Network Connection
[    1.987274] e1000 0000:00:08.0 enp0s8: renamed from eth1
[    1.988448] mptbase: ioc0: Initiating bringup
[    1.998320] e1000 0000:00:03.0 enp0s3: renamed from eth0
[    2.538485] ioc0: LSI53C1030 A0: Capabilities={Initiator}
[    3.984874] scsi host2: ioc0: LSI53C1030 A0, FwRev=00000000h, Ports=1, MaxQ=256, IRQ=20
[    5.819028] scsi 2:0:0:0: Direct-Access     VBOX     HARDDISK         1.0  PQ: 0 ANSI: 5
[    5.825737] scsi target2:0:0: Beginning Domain Validation
[    5.830972] scsi target2:0:0: Domain Validation skipping write tests
[    5.832653] scsi target2:0:0: Ending Domain Validation
[    5.833831] scsi target2:0:0: asynchronous
[    5.835089] scsi 2:0:1:0: Direct-Access     VBOX     HARDDISK         1.0  PQ: 0 ANSI: 5
[    5.836757] scsi target2:0:1: Beginning Domain Validation
[    5.850846] scsi target2:0:1: Domain Validation skipping write tests
[    5.852069] scsi target2:0:1: Ending Domain Validation
[    5.853791] scsi target2:0:1: asynchronous
[    5.859586] sd 2:0:0:0: Attached scsi generic sg0 type 0
[    5.860984] sd 2:0:1:0: Attached scsi generic sg1 type 0
[    5.861148] sd 2:0:0:0: [sda] 20971520 512-byte logical blocks: (10.7 GB/10.0 GiB)
[    5.863689] sd 2:0:1:0: [sdb] 20480 512-byte logical blocks: (10.5 MB/10.0 MiB)
[    5.865330] sd 2:0:0:0: [sda] Write Protect is off
[    5.866546] sd 2:0:0:0: [sda] Incomplete mode parameter data
[    5.867702] sd 2:0:0:0: [sda] Assuming drive cache: write through
[    5.868877] sd 2:0:1:0: [sdb] Write Protect is off
[    5.870353] sd 2:0:1:0: [sdb] Incomplete mode parameter data
[    5.871465] sd 2:0:1:0: [sdb] Assuming drive cache: write through
[    5.891990]  sda: sda1
[    5.893987] sd 2:0:0:0: [sda] Attached SCSI disk
[    5.921075] sd 2:0:1:0: [sdb] Attached SCSI disk
Begin: Loading essential drivers ... [    7.389520] md: linear personality registered for level -1
[    7.392520] md: multipath personality registered for level -4
[    7.395676] md: raid0 personality registered for level 0
[    7.399638] md: raid1 personality registered for level 1
[    7.469642] raid6: sse2x1   gen() 13169 MB/s
[    7.537508] raid6: sse2x1   xor()  9976 MB/s
[    7.605358] raid6: sse2x2   gen() 16785 MB/s
[    7.673649] raid6: sse2x2   xor() 11659 MB/s
[    7.742683] raid6: sse2x4   gen() 18164 MB/s
[    7.809475] raid6: sse2x4   xor() 12405 MB/s
[    7.877886] raid6: avx2x1   gen() 26257 MB/s
[    7.945377] raid6: avx2x2   gen() 30171 MB/s
[    8.013481] raid6: avx2x4   gen() 33925 MB/s
[    8.014979] raid6: using algorithm avx2x4 gen() 33925 MB/s
[    8.016088] raid6: using avx2x2 recovery algorithm
[    8.018181] xor: automatically using best checksumming function:
[    8.057707]    avx       : 31319.000 MB/sec
[    8.059599] async_tx: api initialized (async)
[    8.068968] md: raid6 personality registered for level 6
[    8.070150] md: raid5 personality registered for level 5
[    8.071203] md: raid4 personality registered for level 4
[    8.080328] md: raid10 personality registered for level 10
done.
Begin: Running /scripts/init-premount ... done.
Begin: Mounting root file system ... Begin: Running /scripts/local-top ... done.
Begin: Running /scripts/local-premount ... [    8.106945] Btrfs loaded
Scanning for Btrfs filesystems
done.
Warning: fsck not present, so skipping root file system
[    8.176012] EXT4-fs (sda1): mounted filesystem with ordered data mode. Opts: (null)
done.
Begin: Running /scripts/local-bottom ... done.
Begin: Running /scripts/init-bottom ... done.
[    8.899313] random: nonblocking pool is initialized
[    9.012043] systemd[1]: systemd 229 running in system mode. (+PAM +AUDIT +SELINUX +IMA +APPARMOR +SMACK +SYSVINIT +UTMP +LIBCRYPTSETUP +GCRYPT +GNUTLS +ACL +XZ -LZ4 +SECCOMP +BLKID +ELFUTILS +KMOD -IDN)
[    9.017266] systemd[1]: Detected virtualization oracle.
[    9.018312] systemd[1]: Detected architecture x86-64.

Welcome to [1mUbuntu 16.04.7 LTS[0m!

[    9.079661] systemd[1]: Set hostname to <ubuntu>.
[    9.119325] systemd[1]: Initializing machine ID from random generator.
[    9.120625] systemd[1]: Installed transient /etc/machine-id file.
[   10.126915] systemd[1]: Reached target System Time Synchronized.
[[0;32m  OK  [0m] Reached target System Time Synchronized.
[   10.133555] systemd[1]: Set up automount Arbitrary Executable File Formats File System Automount Point.
[[0;32m  OK  [0m] Set up automount Arbitrary Executab...ats File System Automount Point.
[   10.136167] systemd[1]: Started Trigger resolvconf update for networkd DNS.
[[0;32m  OK  [0m] Started Trigger resolvconf update for networkd DNS.
[   10.138180] systemd[1]: Listening on LVM2 poll daemon socket.
[[0;32m  OK  [0m] Listening on LVM2 poll daemon socket.
[   10.140144] systemd[1]: Created slice User and Session Slice.
[[0;32m  OK  [0m] Created slice User and Session Slice.
[   10.149387] systemd[1]: Listening on Journal Socket (/dev/log).
[[0;32m  OK  [0m] Listening on Journal Socket (/dev/log).
[   10.158147] systemd[1]: Reached target Encrypted Volumes.
[[0;32m  OK  [0m] Reached target Encrypted Volumes.
[   10.160162] systemd[1]: Listening on Journal Audit Socket.
[[0;32m  OK  [0m] Listening on Journal Audit Socket.
[   10.170240] systemd[1]: Listening on /dev/initctl Compatibility Named Pipe.
[[0;32m  OK  [0m] Listening on /dev/initctl Compatibility Named Pipe.
[   10.172613] systemd[1]: Created slice System Slice.
[[0;32m  OK  [0m] Created slice System Slice.
[   10.182540] systemd[1]: Created slice system-serial\x2dgetty.slice.
[[0;32m  OK  [0m] Created slice system-serial\x2dgetty.slice.
[   10.184405] systemd[1]: Reached target Slices.
[[0;32m  OK  [0m] Reached target Slices.
[   10.185970] systemd[1]: Listening on Syslog Socket.
[[0;32m  OK  [0m] Listening on Syslog Socket.
[   10.194062] systemd[1]: Listening on udev Control Socket.
[[0;32m  OK  [0m] Listening on udev Control Socket.
[   10.201730] systemd[1]: Reached target Swap.
[[0;32m  OK  [0m] Reached target Swap.
[   10.203294] systemd[1]: Listening on Journal Socket.
[[0;32m  OK  [0m] Listening on Journal Socket.
[   10.217693] systemd[1]: Mounting Debug File System...
         Mounting Debug File System...
[   10.219835] systemd[1]: Mounting Huge Pages File System...
         Mounting Huge Pages File System...
[   10.222325] systemd[1]: Starting Uncomplicated firewall...
         Starting Uncomplicated firewall...
[   10.230976] systemd[1]: Mounting POSIX Message Queue File System...
         Mounting POSIX Message Queue File System...
[   10.233801] systemd[1]: Starting Nameserver information manager...
         Starting Nameserver information manager...
[   10.244733] systemd[1]: Starting Load Kernel Modules...
         Starting Load Kernel Modules...
[   10.254527] systemd[1]: Starting Create list of required static device nodes for the current kernel...
         Starting Create list of required st... nodes for the current kernel...
[   10.265740] systemd[1]: Listening on udev Kernel Socket.
[[0;32m  OK  [0m] Listening on udev Kernel Socket.
[   10.273429] systemd[1]: Listening on LVM2 metadata daemon socket.
[[0;32m  OK  [0m] Listening on LVM2 metadata daemon socket.
[   10.281396] systemd[1]: Started Forward Password Requests to Wall Directory Watch.
[[0;32m  OK  [0m] Started Forward Password Requests to Wall Directory Watch.
[   10.294013] systemd[1]: Starting Remount Root and Kernel File Systems...
         Starting Remount Root and Kernel File Systems...
[   10.296031] systemd[1]: Listening on Device-mapper event daemon FIFOs.
[[0;32m  OK  [0m] Listening on Device-mapper event daemon FIFOs.
[   10.298701] systemd[1]: Starting Monitoring of LVM2 mirrors, snapshots etc. using dmeventd or progress polling...
         Starting Monitoring of LVM2 mirrors... dmeventd or progress polling...
[   10.301935] systemd[1]: Starting Set console keymap...
         Starting Set console keymap...
[   10.303492] systemd[1]: Reached target User and Group Name Lookups.
[[0;32m  OK  [0m] Reached target User and Group Name Lookups.
[   10.305993] systemd[1]: Starting Journal Service...
         Starting Journal Service...
[   10.314955] systemd[1]: Mounted Huge Pages File System.
[[0;32m  OK  [0m] Mounted Huge Pages File System.
[   10.321448] systemd[1]: Mounted POSIX Message Queue File System.
[[0;32m  OK  [0m] Mounted POSIX Message Queue File System.
[   10.330209] systemd[1]: Mounted Debug File System.
[[0;32m  OK  [0m] Mounted Debug File System.
[   10.332619] systemd[1]: Started Uncomplicated firewall.
[[0;32m  OK  [0m] Started Uncomplicated firewall.
[   10.418231] systemd[1]: Started Create list of required static device nodes for the current kernel.
[[0;32m  OK  [0m] Started Create list of required sta...ce nodes for the current kernel.
[   10.437784] systemd[1]: Starting Create Static Device Nodes in /dev...
         Starting Create Static Device Nodes in /dev...
[   10.450950] EXT4-fs (sda1): re-mounted. Opts: (null)
[   10.453314] systemd[1]: Started Remount Root and Kernel File Systems.
[[0;32m  OK  [0m] Started Remount Root and Kernel File Systems.
[   10.456058] systemd[1]: Starting Load/Save Random Seed...
         Starting Load/Save Random Seed...
[   10.546227] systemd[1]: Starting udev Coldplug all Devices...
         Starting udev Coldplug all Devices...
[   10.549737] systemd[1]: Started Nameserver information manager.
[[0;32m  OK  [0m] Started Nameserver information manager.
[   10.647453] systemd[1]: Started Load/Save Random Seed.
[[0;32m  OK  [0m] Started Load/Save Random Seed.
[   10.728678] Loading iSCSI transport class v2.0-870.
[   10.848641] systemd[1]: Started Set console keymap.
[[0;32m  OK  [0m] Started Set console keymap.
[   10.853866] iscsi: registered transport (tcp)
[   10.868113] systemd[1]: Started udev Coldplug all Devices.
[[0;32m  OK  [0m] Started udev Coldplug all Devices.
[   10.906143] systemd[1]: Started Journal Service.
[[0;32m  OK  [0m] Started Journal Service.
         Starting Flush Journal to Persistent Storage...
[   11.065307] systemd-journald[395]: Received request to flush runtime journal from PID 1
[[0;32m  OK  [0m] Started Flush Journal to Persistent Storage.
[[0;32m  OK  [0m] Started LVM2 metadata daemon.
[   11.232202] iscsi: registered transport (iser)
[[0;32m  OK  [0m] Started Load Kernel Modules.
         Starting Apply Kernel Variables...
         Mounting FUSE Control File System...
[[0;32m  OK  [0m] Mounted FUSE Control File System.
[[0;32m  OK  [0m] Started Apply Kernel Variables.
[[0;32m  OK  [0m] Started Create Static Device Nodes in /dev.
         Starting udev Kernel Device Manager...
[[0;32m  OK  [0m] Started udev Kernel Device Manager.
[[0;32m  OK  [0m] Started Dispatch Password Requests to Console Directory Watch.
[[0;32m  OK  [0m] Found device /dev/ttyS0.
[[0;32m  OK  [0m] Started Monitoring of LVM2 mirrors,...ng dmeventd or progress polling.
[[0;32m  OK  [0m] Reached target Local File Systems (Pre).
[[0;32m  OK  [0m] Reached target Local File Systems.
         Starting Initial cloud-init job (pre-networking)...
         Starting Tell Plymouth To Write Out Runtime Data...
         Starting Commit a transient machine-id on disk...
         Starting Set console font and keymap...
         Starting Create Volatile Files and Directories...
         Starting LSB: AppArmor initialization...
[[0;32m  OK  [0m] Listening on Load/Save RF Kill Switch Status /dev/rfkill Watch.
[[0;32m  OK  [0m] Started Commit a transient machine-id on disk.
[[0;32m  OK  [0m] Started Tell Plymouth To Write Out Runtime Data.
[[0;32m  OK  [0m] Started Create Volatile Files and Directories.
         Starting Update UTMP about System Boot/Shutdown...
[[0;32m  OK  [0m] Started Update UTMP about System Boot/Shutdown.
[[0;32m  OK  [0m] Started LSB: AppArmor initialization.
         Starting Load AppArmor profiles managed internally by snapd...
[[0;32m  OK  [0m] Started Set console font and keymap.
[[0;32m  OK  [0m] Created slice system-getty.slice.
[[0;32m  OK  [0m] Started Load AppArmor profiles managed internally by snapd.
[   16.934723] cloud-init[503]: Cloud-init v. 20.2-45-g5f7825e2-0ubuntu1~16.04.1 running 'init-local' at Tue, 25 Aug 2020 23:51:38 +0000. Up 16.31 seconds.
[[0;32m  OK  [0m] Started Initial cloud-init job (pre-networking).
[[0;32m  OK  [0m] Reached target Network (Pre).
         Starting Raise network interfaces...
[[0;32m  OK  [0m] Started Raise network interfaces.
         Starting Initial cloud-init job (metadata service crawler)...
[[0;32m  OK  [0m] Reached target Network.
[   19.726954] cloud-init[967]: Cloud-init v. 20.2-45-g5f7825e2-0ubuntu1~16.04.1 running 'init' at Tue, 25 Aug 2020 23:51:39 +0000. Up 17.88 seconds.
[   19.729198] cloud-init[967]: ci-info: ++++++++++++++++++++++++++++++++++++++Net device info+++++++++++++++++++++++++++++++++++++++
[   19.731291] cloud-init[967]: ci-info: +--------+-------+----------------------------+---------------+--------+-------------------+
[   19.733110] cloud-init[967]: ci-info: | Device |   Up  |          Address           |      Mask     | Scope  |     Hw-Address    |
[   19.736104] cloud-init[967]: ci-info: +--------+-------+----------------------------+---------------+--------+-------------------+
[   19.737561] cloud-init[967]: ci-info: | enp0s3 |  True |         10.0.2.15          | 255.255.255.0 | global | 02:98:c6:81:17:55 |
[   19.738742] cloud-init[967]: ci-info: | enp0s3 |  True | fe80::98:c6ff:fe81:1755/64 |       .       |  link  | 02:98:c6:81:17:55 |
[   19.739999] cloud-init[967]: ci-info: | enp0s8 | False |             .              |       .       |   .    | 08:00:27:0a:56:c1 |
[   19.742351] cloud-init[967]: ci-info: |   lo   |  True |         127.0.0.1          |   255.0.0.0   |  host  |         .         |
[   19.743840] cloud-init[967]: ci-info: |   lo   |  True |          ::1/128           |       .       |  host  |         .         |
[   19.745299] cloud-init[967]: ci-info: +--------+-------+----------------------------+---------------+--------+-------------------+
[   19.746747] cloud-init[967]: ci-info: +++++++++++++++++++++++++++Route IPv4 info++++++++++++++++++++++++++++
[   19.753145] cloud-init[967]: ci-info: +-------+-------------+----------+---------------+-----------+-------+
[   19.760959] cloud-init[967]: ci-info: | Route | Destination | Gateway  |    Genmask    | Interface | Flags |
[   19.768911] cloud-init[967]: ci-info: +-------+-------------+----------+---------------+-----------+-------+
[   19.776703] cloud-init[967]: ci-info: |   0   |   0.0.0.0   | 10.0.2.2 |    0.0.0.0    |   enp0s3  |   UG  |
[   19.778081] cloud-init[967]: ci-info: |   1   |   10.0.2.0  | 0.0.0.0  | 255.255.255.0 |   enp0s3  |   U   |
[   19.779464] cloud-init[967]: ci-info: +-------+-------------+----------+---------------+-----------+-------+
[   19.788295] cloud-init[967]: ci-info: +++++++++++++++++++Route IPv6 info+++++++++++++++++++
[   19.789335] cloud-init[967]: ci-info: +-------+-------------+---------+-----------+-------+
[[0;32m  OK  [0m] Started Initial cloud-init job (metadata service crawler).
[[0;32m  OK  [0m] Reached target Network is Online.
[   19.801297] cloud-init[967]: ci-info: | Route | Destination | Gateway | Interface | Flags |
[   19.815538] cloud-init[967]: ci-info: +-------+-------------+---------+-----------+-------+
[   19.824753] cloud-init[967]: ci-info: |   0   |  fe80::/64  |    ::   |   enp0s3  |   U   |
[   19.828114] cloud-init[967]: ci-info: |   3   |   ff00::/8  |    ::   |   enp0s3  |   U   |
[   19.828681] cloud-init[967]: ci-info: +-------+-------------+---------+-----------+-------+
[   19.829631] cloud-init[967]: Generating public/private rsa key pair.
[   19.830500] cloud-init[967]: Your identification has been saved in /etc/ssh/ssh_host_rsa_key.
[   19.830991] cloud-init[967]: Your public key has been saved in /etc/ssh/ssh_host_rsa_key.pub.
[   19.832160] cloud-init[967]: The key fingerprint is:
[   19.832712] cloud-init[967]: SHA256:UQb6CMHNAS64Cv5mJCtKMvJiQKYMku2Bf0GmQ2PDiBM root@ubuntu-xenial
[   19.833231] cloud-init[967]: The key's randomart image is:
[   19.834512] cloud-init[967]: +---[RSA 2048]----+
[   19.835102] cloud-init[967]: |E+ .o+....o      |
[   19.835179] cloud-init[967]: |+.*.+.o. o       |
[   19.835241] cloud-init[967]: |.B.*o . .        |
[   19.835300] cloud-init[967]: |=+=... o .       |
[   19.835359] cloud-init[967]: |Xo o .. S        |
[   19.835417] cloud-init[967]: |*oo..            |
[   19.835478] cloud-init[967]: |*o+.             |
[   19.835536] cloud-init[967]: |*=.o             |
[   19.835771] cloud-init[967]: |=.+.             |
         Starting iSCSI initiator daemon (iscsid)...
[[0;32m  OK  [0m] Reached target System Initialization.
[   19.836353] cloud-init[967]: +----[SHA256]-----+
[   19.857501] cloud-init[967]: Generating public/private dsa key pair.
[   19.858285] cloud-init[967]: Your identification has been saved in /etc/ssh/ssh_host_dsa_key.
[[0;32m  OK  [0m] Started Daily apt download activities.
[   19.859071] cloud-init[967]: Your public key has been saved in /etc/ssh/ssh_host_dsa_key.pub.
[   19.863066] cloud-init[967]: The key fingerprint is:
[   19.863366] cloud-init[967]: SHA256:Ejgma1UzFBvanPFGKDmxKlEhWTcrnDOK4N6goykQu9I root@ubuntu-xenial
[   19.863865] cloud-init[967]: The key's randomart image is:
[   19.864218] cloud-init[967]: +---[DSA 1024]----+
[   19.864702] cloud-init[967]: |.o+.++Oo.        |
[   19.864776] cloud-init[967]: |.+ o+X.X         |
[   19.865308] cloud-init[967]: |o B Oo* o        |
[   19.865892] cloud-init[967]: |=o X . o         |
[   19.868480] cloud-init[967]: |+=+   . S        |
[   19.868587] cloud-init[967]: |=oo    .         |
[   19.868879] cloud-init[967]: |++ .             |
[   19.869313] cloud-init[967]: |=oE              |
[   19.869885] cloud-init[967]: |=                |
[   19.870279] cloud-init[967]: +----[SHA256]-----+
[   19.870700] cloud-init[967]: Generating public/private ecdsa key pair.
[   19.871097] cloud-init[967]: Your identification has been saved in /etc/ssh/ssh_host_ecdsa_key.
[   19.871537] cloud-init[967]: Your public key has been saved in /etc/ssh/ssh_host_ecdsa_key.pub.
[   19.872950] cloud-init[967]: The key fingerprint is:
[   19.873276] cloud-init[967]: SHA256:QjKImlCQZSv9tcABw0SO40pDtiLLe2etFGf7YcCLeC0 root@ubuntu-xenial
[   19.873868] cloud-init[967]: The key's randomart image is:
[   19.874208] cloud-init[967]: +---[ECDSA 256]---+
[   19.874800] cloud-init[967]: |.BO..            |
[   19.875153] cloud-init[967]: |.B.= .           |
[   19.875529] cloud-init[967]: |*o= = o          |
[   19.875864] cloud-init[967]: |*+.. *..         |
[   19.876461] cloud-init[967]: |==  ..o=S        |
[[   19.876813] cloud-init[967]: |*.. . *.+        |
[   19.878889] cloud-init[967]: |o. . E.+ o       |
[0;32m  OK  [0m] Started Message of the Day.
[   19.879156] cloud-init[967]: |  ..oo..o .      |
[   19.886830] cloud-init[967]: | .. o..  .       |
[   19.886990] cloud-init[967]: +----[SHA256]-----+
[[0;32m  OK  [0m] Listening on ACPID Listen Socket.
[   19.887200] cloud-init[967]: Generating public/private ed25519 key pair.
[   19.888973] cloud-init[967]: Your identification has been saved in /etc/ssh/ssh_host_ed25519_key.
[   19.890080] cloud-init[967]: Your public key has been saved in /etc/ssh/ssh_host_ed25519_key.pub.
[   19.891106] cloud-init[967]: The key fingerprint is:
[   19.891752] cloud-init[967]: SHA256:vHtCY/Ylxd4gcfkYGTXM3USsB7EvD5i+YyiJevC4ReY root@ubuntu-xenial
[   19.892909] cloud-init[967]: The key's randomart image is:
[   19.893614] cloud-init[967]: +--[ED25519 256]--+
[   19.900233] cloud-init[967]: |            .B+*+|
[   19.900842] cloud-init[967]: |          . = +o+|
[   19.901448] cloud-init[967]: |           + +.o |
[[0;32m  OK  [0m] Started ACPI Events Check.
[   19.901734] cloud-init[967]: |       .  . =oo..|
[   19.902917] cloud-init[967]: |      o S  +ooo..|
[   19.903112] cloud-init[967]: |    .+  =...o .+ |
[   19.903365] cloud-init[967]: |     +E=.+ +.   .|
[   19.903619] cloud-init[967]: |    ..+ +.+ o.   |
[   19.903882] cloud-init[967]: |    o+  .+ ...   |
[   19.904368] cloud-init[967]: +----[SHA256]-----+
[[0;32m  OK  [0m] Reached target Paths.
[[0;32m  OK  [0m] Started Daily Cleanup of Temporary Directories.
[[0;32m  OK  [0m] Listening on D-Bus System Message Bus Socket.
         Starting LXD - unix socket.
         Starting Socket activation for snappy daemon.
[[0;32m  OK  [0m] Started Daily apt upgrade and clean activities.
[[0;32m  OK  [0m] Listening on UUID daemon activation socket.
[[0;32m  OK  [0m] Reached target Timers.
[[0;32m  OK  [0m] Reached target Cloud-config availability.
[[0;32m  OK  [0m] Listening on LXD - unix socket.
[[0;32m  OK  [0m] Listening on Socket activation for snappy daemon.
[[0;32m  OK  [0m] Reached target Sockets.
[[0;32m  OK  [0m] Reached target Basic System.
         Starting LSB: Record successful boot for GRUB...
[[0;32m  OK  [0m] Started Regular background program processing daemon.
         Starting System Logging Service...
         Starting LXD - container startup/shutdown...
         Starting Accounts Service...
         Starting Pollinate to seed the pseudo random number generator...
[[0;32m  OK  [0m] Started Deferred execution scheduler.
[[0;32m  OK  [0m] Started ACPI event daemon.
         Starting /etc/rc.local Compatibility...
         Starting LSB: MD monitoring daemon...
[[0;32m  OK  [0m] Started D-Bus System Message Bus.
         Starting Login Service...
         Starting Virtualbox guest utils...
[[0;32m  OK  [0m] Started FUSE filesystem for LXC.
         Starting Snap Daemon...
[[0;32m  OK  [0m] Started System Logging Service.
[[0;32m  OK  [0m] Started /etc/rc.local Compatibility.
[[0;32m  OK  [0m] Started iSCSI initiator daemon (iscsid).
         Starting Login to default iSCSI targets...
[[0;32m  OK  [0m] Started LSB: Record successful boot for GRUB.
[[0;32m  OK  [0m] Started Login Service.
[[0;32m  OK  [0m] Started Unattended Upgrades Shutdown.
[[0;32m  OK  [0m] Started LSB: MD monitoring daemon.
         Starting Authenticate and Authorize Users to Run Privileged Tasks...
[[0;32m  OK  [0m] Started Login to default iSCSI targets.
[[0;32m  OK  [0m] Reached target Remote File Systems (Pre).
[[0;32m  OK  [0m] Reached target Remote File Systems.
         Starting Permit User Sessions...
         Starting LSB: Set the CPU Frequency Scaling governor to "ondemand"...
         Starting LSB: daemon to balance interrupts for SMP systems...
         Starting LSB: automatic crash report generation...
[[0;32m  OK  [0m] Started LSB: Set the CPU Frequency Scaling governor to "ondemand".
[[0;32m  OK  [0m] Started Permit User Sessions.
         Starting Hold until boot process finishes up...
         Starting Terminate Plymouth Boot Screen...
[[0;32m  OK  [0m] Started Hold until boot process finishes up.
[[0;32m  OK  [0m] Started Serial Getty on ttyS0.
[[0;32m  OK  [0m] Started Getty on tty1.
[[0;32m  OK  [0m] Reached target Login Prompts.
         Starting Set console scheme...
[[0;32m  OK  [0m] Started Terminate Plymouth Boot Screen.
[[0;32m  OK  [0m] Started LSB: automatic crash report generation.
[[0;32m  OK  [0m] Started Set console scheme.
[[0;32m  OK  [0m] Started LSB: daemon to balance interrupts for SMP systems.
[[0;32m  OK  [0m] Started Virtualbox guest utils.
[[0;32m  OK  [0m] Started Authenticate and Authorize Users to Run Privileged Tasks.
[[0;32m  OK  [0m] Started Accounts Service.
[[0;32m  OK  [0m] Started LXD - container startup/shutdown.
[[0;32m  OK  [0m] Started Snap Daemon.
         Starting Wait until snapd is fully seeded...
[[0;32m  OK  [0m] Started Wait until snapd is fully seeded.
         Starting Apply the settings specified in cloud-config...
[   25.374140] cloud-init[1296]: Generating locales (this might take a while)...
[[0;32m  OK  [0m] Started Pollinate to seed the pseudo random number generator.
         Starting OpenBSD Secure Shell server...
[[0;32m  OK  [0m] Started OpenBSD Secure Shell server.
[[0;32m  OK  [0m] Reached target Multi-User System.
[[0;32m  OK  [0m] Reached target Graphical Interface.
         Starting Update UTMP about System Runlevel Changes...
[[0;32m  OK  [0m] Started Update UTMP about System Runlevel Changes.
[[0;32m  OK  [0m] Created slice User Slice of vagrant.
         Starting User Manager for UID 1000...
[[0;32m  OK  [0m] Started Session 1 of user vagrant.
[   26.997112] cloud-init[1296]:   en_US.UTF-8... done
[   27.004802] cloud-init[1296]: Generation complete.

Ubuntu 16.04.7 LTS ubuntu-xenial ttyS0

ubuntu-xenial login: [   28.723580] cloud-init[1296]: Cloud-init v. 20.2-45-g5f7825e2-0ubuntu1~16.04.1 running 'modules:config' at Tue, 25 Aug 2020 23:51:46 +0000. Up 25.02 seconds.
ci-info: no authorized SSH keys fingerprints found for user ubuntu.
<14>Aug 25 23:51:51 ec2: 
<14>Aug 25 23:51:51 ec2: #############################################################
<14>Aug 25 23:51:51 ec2: -----BEGIN SSH HOST KEY FINGERPRINTS-----
<14>Aug 25 23:51:51 ec2: 1024 SHA256:Ejgma1UzFBvanPFGKDmxKlEhWTcrnDOK4N6goykQu9I root@ubuntu-xenial (DSA)
<14>Aug 25 23:51:51 ec2: 256 SHA256:QjKImlCQZSv9tcABw0SO40pDtiLLe2etFGf7YcCLeC0 root@ubuntu-xenial (ECDSA)
<14>Aug 25 23:51:51 ec2: 256 SHA256:vHtCY/Ylxd4gcfkYGTXM3USsB7EvD5i+YyiJevC4ReY root@ubuntu-xenial (ED25519)
<14>Aug 25 23:51:51 ec2: 2048 SHA256:UQb6CMHNAS64Cv5mJCtKMvJiQKYMku2Bf0GmQ2PDiBM root@ubuntu-xenial (RSA)
<14>Aug 25 23:51:51 ec2: -----END SSH HOST KEY FINGERPRINTS-----
<14>Aug 25 23:51:51 ec2: #############################################################
-----BEGIN SSH HOST KEY KEYS-----
ecdsa-sha2-nistp256 AAAAE2VjZHNhLXNoYTItbmlzdHAyNTYAAAAIbmlzdHAyNTYAAABBBKDcB7Q2w5iMHTn+a69QxMOwo5jjFM+EHsf1BVl7FIeZU7u8KCzL1tPjuk7jS2+28x7yIoJxRl5Hy1T1WudYprA= root@ubuntu-xenial
ssh-ed25519 AAAAC3NzaC1lZDI1NTE5AAAAIOX8q5TFX1zlaIDESEmW9pCIjVdwBvshFSBW9N7AAeba root@ubuntu-xenial
ssh-rsa AAAAB3NzaC1yc2EAAAADAQABAAABAQDVrTusB5lBo+7Ep+1LG30xDRiqUjzPLQT0Vas4a9o1zyrPsPVTlcKMZrl/D4uN7qGJ4E8NwkOFNqOMHNxCx+IMd6hgJYdTHaxiUoskpGHj6E62ZGT9JngwjcrZoI50sOJ2io0x8jWc8C3Sd+i9es462Xom5D7TDKuhc8NHxB4HXxrg9CLlFC1CXlzgDX1NsvXXb1hF12ZAcGdAgLaqbT8/7PjpQ4SaEB9E/3NVWS4nLMEe0MTSrq+ThFciqg39XOfJH7t05uWoJyF3R4AEMPj0WjeVK8HhpGYbht9DbAcDTiNtMCUFNdUvmNxUnB61hrnO3SRRSPI79DFpBOniBjNz root@ubuntu-xenial
-----END SSH HOST KEY KEYS-----
[   29.851742] cloud-init[1463]: Cloud-init v. 20.2-45-g5f7825e2-0ubuntu1~16.04.1 running 'modules:final' at Tue, 25 Aug 2020 23:51:50 +0000. Up 29.13 seconds.
[   29.851909] cloud-init[1463]: ci-info: no authorized SSH keys fingerprints found for user ubuntu.
[   29.852441] cloud-init[1463]: Cloud-init v. 20.2-45-g5f7825e2-0ubuntu1~16.04.1 finished at Tue, 25 Aug 2020 23:51:51 +0000. Datasource DataSourceNoCloud [seed=/dev/sdb][dsmode=net].  Up 29.84 seconds
